<?xml version="1.0" encoding="UTF-8"?>
<testng-results skipped="0" failed="0" ignored="0" total="1" passed="1">
  <reporter-output>
  </reporter-output>
  <suite name="Suite" duration-ms="109825" started-at="2018-06-01T06:48:02Z" finished-at="2018-06-01T06:49:52Z">
    <groups>
    </groups>
    <test name="Test" duration-ms="109825" started-at="2018-06-01T06:48:02Z" finished-at="2018-06-01T06:49:52Z">
      <class name="ecommerse.eccommers.TC001_Login">
        <test-method status="PASS" signature="beforeClass(java.lang.String)[pri:0, instance:ecommerse.eccommers.TC001_Login@1f7030a6]" name="beforeClass" is-config="true" duration-ms="81615" started-at="2018-06-01T06:48:02Z" finished-at="2018-06-01T06:49:24Z">
          <params>
            <param index="0">
              <value>
                <![CDATA[chrome]]>
              </value>
            </param>
          </params>
          <reporter-output>
          </reporter-output>
        </test-method> <!-- beforeClass -->
        <test-method status="PASS" signature="login()[pri:0, instance:ecommerse.eccommers.TC001_Login@1f7030a6]" name="login" duration-ms="28180" started-at="2018-06-01T06:49:24Z" finished-at="2018-06-01T06:49:52Z">
          <reporter-output>
          </reporter-output>
        </test-method> <!-- login -->
        <test-method status="PASS" signature="afterClass()[pri:0, instance:ecommerse.eccommers.TC001_Login@1f7030a6]" name="afterClass" is-config="true" duration-ms="1" started-at="2018-06-01T06:49:52Z" finished-at="2018-06-01T06:49:52Z">
          <reporter-output>
          </reporter-output>
        </test-method> <!-- afterClass -->
      </class> <!-- ecommerse.eccommers.TC001_Login -->
    </test> <!-- Test -->
  </suite> <!-- Suite -->
</testng-results>
